2025-02-26 13:27:56,948 - app.main - INFO - === Application Starting ===
2025-02-26 13:27:57,949 - app.database - INFO - Database URL: postgresql://postgres:tuffu1967@localhost:5432/translationservice
2025-02-26 13:27:57,999 - app.database - INFO - Database engine created successfully
2025-02-26 13:27:57,999 - app.database - INFO - SessionLocal created
2025-02-26 13:32:52,565 - app.main - INFO - === Application Starting ===
2025-02-26 13:33:04,285 - app.main - INFO - === Application Starting ===
2025-02-26 13:35:57,677 - app.main - INFO - === Application Starting ===

2025-02-26 14:11:17 - Creating translation task for text: hello...
2025-02-26 14:11:17 - Languages requested: ['Spanish']
2025-02-26 14:11:17 - Translation task object created
2025-02-26 14:11:17 - Task added to session
2025-02-26 14:11:17 - Session committed
2025-02-26 14:11:17 - Task refreshed, ID: 1
2025-02-26 14:11:17 - Updating task 1 with status completed
2025-02-26 14:11:17 - Fetching task with ID: 1
2025-02-26 14:11:17 - Successfully updated task 1
2025-02-26 14:11:17 - Task found
2025-02-26 14:11:20 - Fetching task with ID: 1
2025-02-26 14:11:20 - Task found
2025-02-26 14:16:30 - Creating translation task for text: Hello...
2025-02-26 14:16:30 - Languages requested: ['Spanish']
2025-02-26 14:16:30 - Translation task object created
2025-02-26 14:16:30 - Task added to session
2025-02-26 14:16:30 - Database operation failed: (psycopg2.errors.UndefinedTable) relation "translation_tasks" does not exist
LINE 1: INSERT INTO translation_tasks (text, languages, status, tran...
                    ^

[SQL: INSERT INTO translation_tasks (text, languages, status, translations) VALUES (%(text)s, %(languages)s::JSON, %(status)s, %(translations)s::JSON) RETURNING translation_tasks.id]
[parameters: {'text': 'Hello', 'languages': '["Spanish"]', 'status': 'pending', 'translations': '{}'}]
(Background on this error at: https://sqlalche.me/e/20/f405)
2025-02-26 14:16:30 - Error in create_translation_task: Database error: (psycopg2.errors.UndefinedTable) relation "translation_tasks" does not exist
LINE 1: INSERT INTO translation_tasks (text, languages, status, tran...
                    ^

[SQL: INSERT INTO translation_tasks (text, languages, status, translations) VALUES (%(text)s, %(languages)s::JSON, %(status)s, %(translations)s::JSON) RETURNING translation_tasks.id]
[parameters: {'text': 'Hello', 'languages': '["Spanish"]', 'status': 'pending', 'translations': '{}'}]
(Background on this error at: https://sqlalche.me/e/20/f405)
2025-02-26 14:20:09 - Creating translation task for text: Hello...
2025-02-26 14:20:09 - Languages requested: ['Spanish']
2025-02-26 14:20:09 - Translation task object created
2025-02-26 14:20:09 - Task added to session
2025-02-26 14:20:09 - Session committed
2025-02-26 14:20:09 - Task refreshed, ID: 1
2025-02-26 14:20:09 - Fetching task with ID: 1
2025-02-26 14:20:09 - Task found
2025-02-26 14:20:11 - Updating task 1 with status completed
2025-02-26 14:20:11 - Successfully updated task 1
2025-02-26 14:20:14 - Fetching task with ID: 1
2025-02-26 14:20:14 - Task found
2025-02-26 14:20:14 - Fetching task with ID: 1
2025-02-26 14:20:14 - Task found
2025-02-27 18:45:27 - Creating translation task for text: Hello...
2025-02-27 18:45:27 - Languages requested: ['spanish']
2025-02-27 18:45:27 - Translation task object created
2025-02-27 18:45:27 - Task added to session
2025-02-27 18:45:30 - Session committed
2025-02-27 18:45:30 - Task refreshed, ID: 2
2025-02-27 18:45:30 - Fetching task with ID: 2
2025-02-27 18:45:30 - Task found
2025-02-27 18:45:31 - Updating task 2 with status completed
2025-02-27 18:45:32 - Successfully updated task 2
2025-02-27 18:45:35 - Fetching task with ID: 2
2025-02-27 18:45:35 - Task found
2025-02-27 18:45:35 - Fetching task with ID: 2
2025-02-27 18:45:35 - Task found
2025-02-27 18:45:35 - Fetching task with ID: 2
2025-02-27 18:45:36 - Task found
2025-02-27 18:47:52 - Fetching task with ID: 2
2025-02-27 18:47:52 - Task found
2025-02-27 19:10:24 - Creating translation task for text: hello...
2025-02-27 19:10:24 - Languages requested: ['es']
2025-02-27 19:10:24 - Translation task object created
2025-02-27 19:10:24 - Task added to session
2025-02-27 19:10:25 - Session committed
2025-02-27 19:10:25 - Task refreshed, ID: 3
2025-02-27 19:10:25 - Fetching task with ID: 3
2025-02-27 19:10:25 - Task found
2025-02-27 19:10:25 - Updating task 3 with status completed
2025-02-27 19:10:25 - Successfully updated task 3
2025-02-27 19:10:32 - Fetching task with ID: 3
2025-02-27 19:10:32 - Task found
2025-02-27 19:10:32 - Fetching task with ID: 3
2025-02-27 19:10:32 - Task found
2025-02-27 19:11:52 - Creating translation task for text: hello...
2025-02-27 19:11:52 - Languages requested: ['es']
2025-02-27 19:11:52 - Translation task object created
2025-02-27 19:11:52 - Task added to session
2025-02-27 19:11:52 - Session committed
2025-02-27 19:11:52 - Task refreshed, ID: 4
2025-02-27 19:11:53 - Fetching task with ID: 4
2025-02-27 19:11:53 - Task found
2025-02-27 19:11:56 - Fetching task with ID: 4
2025-02-27 19:11:56 - Task found
2025-02-27 19:11:56 - Fetching task with ID: 4
2025-02-27 19:11:56 - Task found
2025-02-27 19:11:58 - Fetching task with ID: 4
2025-02-27 19:11:58 - Task found
2025-02-27 19:12:00 - Fetching task with ID: 4
2025-02-27 19:12:00 - Task found
2025-02-27 19:12:02 - Fetching task with ID: 4
2025-02-27 19:12:02 - Task found
2025-02-27 19:12:04 - Fetching task with ID: 4
2025-02-27 19:12:04 - Task found
2025-02-27 19:12:06 - Fetching task with ID: 4
2025-02-27 19:12:06 - Task found
2025-02-27 19:12:06 - Fetching task with ID: 4
2025-02-27 19:12:06 - Task found
2025-02-27 19:12:08 - Fetching task with ID: 4
2025-02-27 19:12:08 - Task found
2025-02-27 19:12:10 - Fetching task with ID: 4
2025-02-27 19:12:10 - Task found
2025-02-27 19:12:12 - Fetching task with ID: 4
2025-02-27 19:12:12 - Task found
2025-02-27 19:12:13 - Fetching task with ID: 4
2025-02-27 19:12:13 - Task found
2025-02-27 19:12:14 - Updating task 4 with status completed
2025-02-27 19:12:14 - Successfully updated task 4
2025-02-27 19:12:14 - Fetching task with ID: 4
2025-02-27 19:12:14 - Task found
2025-02-27 19:12:14 - Fetching task with ID: 4
2025-02-27 19:12:14 - Task found
2025-02-27 19:12:16 - Fetching task with ID: 4
2025-02-27 19:12:16 - Task found
2025-02-27 19:12:20 - Fetching task with ID: 4
2025-02-27 19:12:20 - Task found
2025-02-27 19:13:23 - Creating translation task for text: hello...
2025-02-27 19:13:23 - Languages requested: ['es']
2025-02-27 19:13:23 - Translation task object created
2025-02-27 19:13:23 - Task added to session
2025-02-27 19:13:23 - Session committed
2025-02-27 19:13:23 - Task refreshed, ID: 5
2025-02-27 19:13:23 - Fetching task with ID: 5
2025-02-27 19:13:23 - Task found
2025-02-27 19:13:27 - Updating task 5 with status completed
2025-02-27 19:13:27 - Successfully updated task 5
2025-02-27 19:13:27 - Fetching task with ID: 5
2025-02-27 19:13:27 - Task found
2025-02-27 19:13:27 - Fetching task with ID: 5
2025-02-27 19:13:27 - Task found
2025-02-27 19:13:27 - Fetching task with ID: 5
2025-02-27 19:13:27 - Task found
2025-02-27 19:14:55 - Creating translation task for text: hello...
2025-02-27 19:14:55 - Languages requested: ['es']
2025-02-27 19:14:55 - Translation task object created
2025-02-27 19:14:55 - Task added to session
2025-02-27 19:14:55 - Session committed
2025-02-27 19:14:55 - Task refreshed, ID: 6
2025-02-27 19:14:55 - Fetching task with ID: 6
2025-02-27 19:14:55 - Task found
2025-02-27 19:14:56 - Updating task 6 with status in_progress
2025-02-27 19:14:56 - Successfully updated task 6
2025-02-27 19:14:57 - Updating task 6 with status completed
2025-02-27 19:14:57 - Successfully updated task 6
2025-02-27 19:14:59 - Fetching task with ID: 6
2025-02-27 19:14:59 - Task found
2025-02-27 19:14:59 - Fetching task with ID: 6
2025-02-27 19:14:59 - Task found
2025-02-27 19:15:58 - Creating translation task for text: hello...
2025-02-27 19:15:58 - Languages requested: ['es']
2025-02-27 19:15:58 - Translation task object created
2025-02-27 19:15:58 - Task added to session
2025-02-27 19:15:58 - Session committed
2025-02-27 19:15:58 - Task refreshed, ID: 7
2025-02-27 19:15:58 - Fetching task with ID: 7
2025-02-27 19:15:58 - Task found
2025-02-27 19:16:00 - Updating task 7 with status in_progress
2025-02-27 19:16:00 - Successfully updated task 7
2025-02-27 19:16:00 - Fetching task with ID: 7
2025-02-27 19:16:01 - Task found
2025-02-27 19:16:01 - Updating task 7 with status completed
2025-02-27 19:16:01 - Successfully updated task 7
2025-02-27 19:16:02 - Fetching task with ID: 7
2025-02-27 19:16:02 - Task found
2025-02-27 19:16:02 - Fetching task with ID: 7
2025-02-27 19:16:02 - Task found
2025-02-27 19:16:19 - Creating translation task for text: hello, my name is kt...
2025-02-27 19:16:19 - Languages requested: ['es']
2025-02-27 19:16:19 - Translation task object created
2025-02-27 19:16:19 - Task added to session
2025-02-27 19:16:19 - Session committed
2025-02-27 19:16:19 - Task refreshed, ID: 8
2025-02-27 19:16:19 - Fetching task with ID: 8
2025-02-27 19:16:19 - Task found
2025-02-27 19:16:20 - Updating task 8 with status in_progress
2025-02-27 19:16:20 - Successfully updated task 8
2025-02-27 19:16:21 - Updating task 8 with status completed
2025-02-27 19:16:21 - Successfully updated task 8
2025-02-27 19:16:22 - Fetching task with ID: 8
2025-02-27 19:16:22 - Task found
2025-02-27 19:16:22 - Fetching task with ID: 8
2025-02-27 19:16:22 - Task found
2025-02-27 19:16:56 - Creating translation task for text: hello, I like fruits...
2025-02-27 19:16:56 - Languages requested: ['de']
2025-02-27 19:16:56 - Translation task object created
2025-02-27 19:16:56 - Task added to session
2025-02-27 19:16:56 - Session committed
2025-02-27 19:16:56 - Task refreshed, ID: 9
2025-02-27 19:16:56 - Fetching task with ID: 9
2025-02-27 19:16:56 - Task found
2025-02-27 19:16:58 - Updating task 9 with status in_progress
2025-02-27 19:16:58 - Successfully updated task 9
2025-02-27 19:16:59 - Updating task 9 with status completed
2025-02-27 19:16:59 - Successfully updated task 9
2025-02-27 19:17:00 - Fetching task with ID: 9
2025-02-27 19:17:00 - Task found
2025-02-27 19:17:00 - Fetching task with ID: 9
2025-02-27 19:17:00 - Task found
2025-02-27 19:17:47 - Creating translation task for text: hello, I am from Pakistan...
2025-02-27 19:17:47 - Languages requested: ['fr']
2025-02-27 19:17:47 - Translation task object created
2025-02-27 19:17:47 - Task added to session
2025-02-27 19:17:47 - Session committed
2025-02-27 19:17:47 - Task refreshed, ID: 10
2025-02-27 19:17:47 - Fetching task with ID: 10
2025-02-27 19:17:47 - Task found
2025-02-27 19:17:49 - Updating task 10 with status in_progress
2025-02-27 19:17:49 - Successfully updated task 10
2025-02-27 19:17:50 - Updating task 10 with status completed
2025-02-27 19:17:50 - Successfully updated task 10
2025-02-27 19:17:50 - Fetching task with ID: 10
2025-02-27 19:17:50 - Task found
2025-02-27 19:17:51 - Fetching task with ID: 10
2025-02-27 19:17:51 - Task found
2025-02-27 19:17:51 - Fetching task with ID: 10
2025-02-27 19:17:51 - Task found
2025-02-27 20:13:53 - Creating translation task for text: I cannot sleep...
2025-02-27 20:13:53 - Languages requested: ['it']
2025-02-27 20:13:53 - Translation task object created
2025-02-27 20:13:53 - Task added to session
2025-02-27 20:13:54 - Session committed
2025-02-27 20:13:54 - Task refreshed, ID: 11
2025-02-27 20:13:54 - Fetching task with ID: 11
2025-02-27 20:13:54 - Task found
2025-02-27 20:13:55 - Updating task 11 with status in_progress
2025-02-27 20:13:55 - Successfully updated task 11
2025-02-27 20:13:56 - Fetching task with ID: 11
2025-02-27 20:13:56 - Task found
2025-02-27 20:13:56 - Updating task 11 with status completed
2025-02-27 20:13:56 - Successfully updated task 11
2025-02-27 20:13:57 - Fetching task with ID: 11
2025-02-27 20:13:57 - Task found
2025-02-27 20:13:57 - Fetching task with ID: 11
2025-02-27 20:13:57 - Task found
2025-02-27 20:15:15 - Creating translation task for text: I cannot sleep...
2025-02-27 20:15:15 - Languages requested: ['it', 'es']
2025-02-27 20:15:15 - Translation task object created
2025-02-27 20:15:15 - Task added to session
2025-02-27 20:15:15 - Session committed
2025-02-27 20:15:15 - Task refreshed, ID: 12
2025-02-27 20:15:15 - Fetching task with ID: 12
2025-02-27 20:15:15 - Task found
2025-02-27 20:15:17 - Updating task 12 with status in_progress
2025-02-27 20:15:17 - Successfully updated task 12
2025-02-27 20:15:19 - Updating task 12 with status in_progress
2025-02-27 20:15:19 - Successfully updated task 12
2025-02-27 20:15:19 - Fetching task with ID: 12
2025-02-27 20:15:19 - Task found
2025-02-27 20:15:20 - Fetching task with ID: 12
2025-02-27 20:15:20 - Task found
2025-02-27 20:15:20 - Updating task 12 with status completed
2025-02-27 20:15:20 - Successfully updated task 12
2025-02-27 20:15:22 - Fetching task with ID: 12
2025-02-27 20:15:22 - Task found
2025-02-27 20:15:22 - Fetching task with ID: 12
2025-02-27 20:15:22 - Task found
2025-02-27 20:27:10 - Creating translation task for text: Hello, I am from India...
2025-02-27 20:27:10 - Languages requested: ['it', 'fr']
2025-02-27 20:27:10 - Translation task object created
2025-02-27 20:27:10 - Task added to session
2025-02-27 20:27:10 - Session committed
2025-02-27 20:27:10 - Task refreshed, ID: 13
2025-02-27 20:27:10 - Fetching task with ID: 13
2025-02-27 20:27:10 - Task found
2025-02-27 20:27:12 - Updating task 13 with status in_progress
2025-02-27 20:27:12 - Successfully updated task 13
2025-02-27 20:27:15 - Updating task 13 with status in_progress
2025-02-27 20:27:15 - Successfully updated task 13
2025-02-27 20:27:15 - Fetching task with ID: 13
2025-02-27 20:27:15 - Task found
2025-02-27 20:27:15 - Fetching task with ID: 13
2025-02-27 20:27:15 - Task found
2025-02-27 20:27:16 - Updating task 13 with status completed
2025-02-27 20:27:16 - Successfully updated task 13
2025-02-27 20:27:17 - Fetching task with ID: 13
2025-02-27 20:27:17 - Task found
2025-02-27 20:27:17 - Fetching task with ID: 13
2025-02-27 20:27:17 - Task found
2025-02-27 20:55:11 - Creating translation task for text: I want to kick your ass...
2025-02-27 20:55:11 - Languages requested: ['ja', 'ru']
2025-02-27 20:55:11 - Translation task object created
2025-02-27 20:55:11 - Task added to session
2025-02-27 20:55:11 - Session committed
2025-02-27 20:55:11 - Task refreshed, ID: 14
2025-02-27 20:55:11 - Fetching task with ID: 14
2025-02-27 20:55:11 - Task found
2025-02-27 20:55:13 - Updating task 14 with status in_progress
2025-02-27 20:55:13 - Successfully updated task 14
2025-02-27 20:55:14 - Fetching task with ID: 14
2025-02-27 20:55:14 - Task found
2025-02-27 20:55:15 - Fetching task with ID: 14
2025-02-27 20:55:15 - Task found
2025-02-27 20:55:16 - Updating task 14 with status in_progress
2025-02-27 20:55:16 - Successfully updated task 14
2025-02-27 20:55:17 - Fetching task with ID: 14
2025-02-27 20:55:17 - Task found
2025-02-27 20:55:17 - Updating task 14 with status completed
2025-02-27 20:55:17 - Successfully updated task 14
2025-02-27 20:55:19 - Fetching task with ID: 14
2025-02-27 20:55:19 - Task found
2025-02-27 20:55:19 - Fetching task with ID: 14
2025-02-27 20:55:19 - Task found
2025-03-01 13:54:54 - Creating translation task for text: I am here...
2025-03-01 13:54:54 - Languages requested: ['it', 'de']
2025-03-01 13:54:54 - Translation task object created
2025-03-01 13:54:54 - Task added to session
2025-03-01 13:54:58 - Session committed
2025-03-01 13:54:58 - Task refreshed, ID: 15
2025-03-01 13:54:58 - Fetching task with ID: 15
2025-03-01 13:54:58 - Task found
2025-03-01 13:55:00 - Updating task 15 with status in_progress
2025-03-01 13:55:00 - Successfully updated task 15
2025-03-01 13:55:04 - Updating task 15 with status in_progress
2025-03-01 13:55:05 - Successfully updated task 15
2025-03-01 13:55:06 - Updating task 15 with status completed
2025-03-01 13:55:06 - Successfully updated task 15
2025-03-01 13:55:08 - Fetching task with ID: 15
2025-03-01 13:55:08 - Task found
2025-03-01 13:55:09 - Fetching task with ID: 15
2025-03-01 13:55:09 - Task found
2025-03-01 13:55:09 - Fetching task with ID: 15
2025-03-01 13:55:09 - Task found
2025-03-04 13:55:45 - Creating translation task for text: hello...
2025-03-04 13:55:45 - Languages requested: ['german']
2025-03-04 13:55:45 - Translation task object created
2025-03-04 13:55:45 - Task added to session
2025-03-04 13:55:46 - Session committed
2025-03-04 13:55:46 - Task refreshed, ID: 16
2025-03-04 13:55:46 - Fetching task with ID: 16
2025-03-04 13:55:46 - Task found
2025-03-04 13:55:47 - Updating task 16 with status in_progress
2025-03-04 13:55:47 - Successfully updated task 16
2025-03-04 13:55:48 - Updating task 16 with status completed
2025-03-04 13:55:48 - Successfully updated task 16
2025-03-04 13:55:48 - Fetching task with ID: 16
2025-03-04 13:55:49 - Task found
2025-03-04 13:55:49 - Fetching task with ID: 16
2025-03-04 13:55:49 - Task found
2025-03-04 13:55:49 - Fetching task with ID: 16
2025-03-04 13:55:49 - Task found
2025-03-04 14:12:04 - Creating translation task for text: Hello...
2025-03-04 14:12:04 - Languages requested: ['de', 'it']
2025-03-04 14:12:04 - Translation task object created
2025-03-04 14:12:04 - Task added to session
2025-03-04 14:12:04 - Session committed
2025-03-04 14:12:04 - Task refreshed, ID: 1
2025-03-04 14:12:05 - Fetching task with ID: 1
2025-03-04 14:12:05 - Task found
2025-03-04 14:12:07 - Updating task 1 with status in_progress
2025-03-04 14:12:07 - Successfully updated task 1
2025-03-04 14:12:09 - Fetching task with ID: 1
2025-03-04 14:12:09 - Task found
2025-03-04 14:12:10 - Fetching task with ID: 1
2025-03-04 14:12:10 - Task found
2025-03-04 14:12:10 - Updating task 1 with status in_progress
2025-03-04 14:12:10 - Successfully updated task 1
2025-03-04 14:12:11 - Updating task 1 with status completed
2025-03-04 14:12:11 - Successfully updated task 1
2025-03-04 14:12:11 - Fetching task with ID: 1
2025-03-04 14:12:11 - Task found
2025-03-04 14:12:31 - Creating translation task for text: Hello, I am from India...
2025-03-04 14:12:31 - Languages requested: ['de', 'it']
2025-03-04 14:12:31 - Translation task object created
2025-03-04 14:12:31 - Task added to session
2025-03-04 14:12:31 - Session committed
2025-03-04 14:12:31 - Task refreshed, ID: 2
2025-03-04 14:12:32 - Fetching task with ID: 2
2025-03-04 14:12:32 - Task found
2025-03-04 14:12:35 - Fetching task with ID: 2
2025-03-04 14:12:35 - Task found
2025-03-04 14:12:35 - Fetching task with ID: 2
2025-03-04 14:12:35 - Task found
2025-03-04 14:12:36 - Updating task 2 with status in_progress
2025-03-04 14:12:36 - Successfully updated task 2
2025-03-04 14:12:37 - Fetching task with ID: 2
2025-03-04 14:12:37 - Task found
2025-03-04 14:12:39 - Updating task 2 with status in_progress
2025-03-04 14:12:39 - Successfully updated task 2
2025-03-04 14:12:39 - Fetching task with ID: 2
2025-03-04 14:12:39 - Task found
2025-03-04 14:12:40 - Updating task 2 with status completed
2025-03-04 14:12:40 - Successfully updated task 2
2025-03-04 14:12:41 - Fetching task with ID: 2
2025-03-04 14:12:41 - Task found
2025-03-04 14:23:12 - Creating translation task for text: Hello, how are you...
2025-03-04 14:23:12 - Languages requested: ['french', 'italian', 'german']
2025-03-04 14:23:12 - Translation task object created
2025-03-04 14:23:12 - Task added to session
2025-03-04 14:23:12 - Session committed
2025-03-04 14:23:12 - Task refreshed, ID: 3
2025-03-04 14:23:13 - Fetching task with ID: 3
2025-03-04 14:23:13 - Task found
2025-03-04 14:23:15 - Updating task 3 with status in_progress
2025-03-04 14:23:15 - Successfully updated task 3
2025-03-04 14:23:16 - Fetching task with ID: 3
2025-03-04 14:23:16 - Task found
2025-03-04 14:23:17 - Fetching task with ID: 3
2025-03-04 14:23:17 - Task found
2025-03-04 14:23:17 - Updating task 3 with status in_progress
2025-03-04 14:23:17 - Successfully updated task 3
2025-03-04 14:23:19 - Fetching task with ID: 3
2025-03-04 14:23:19 - Task found
2025-03-04 14:23:19 - Updating task 3 with status in_progress
2025-03-04 14:23:19 - Successfully updated task 3
2025-03-04 14:23:20 - Updating task 3 with status completed
2025-03-04 14:23:20 - Successfully updated task 3
2025-03-04 14:23:21 - Fetching task with ID: 3
2025-03-04 14:23:21 - Task found
2025-03-04 14:23:33 - Fetching task with ID: 3
2025-03-04 14:23:33 - Task found
2025-03-04 14:23:36 - Creating translation task for text: Hello, how are you...
2025-03-04 14:23:36 - Languages requested: ['french', 'italian']
2025-03-04 14:23:36 - Translation task object created
2025-03-04 14:23:36 - Task added to session
2025-03-04 14:23:36 - Session committed
2025-03-04 14:23:36 - Task refreshed, ID: 4
2025-03-04 14:23:37 - Fetching task with ID: 4
2025-03-04 14:23:37 - Task found
2025-03-04 14:23:38 - Updating task 4 with status in_progress
2025-03-04 14:23:38 - Successfully updated task 4
2025-03-04 14:23:40 - Updating task 4 with status in_progress
2025-03-04 14:23:40 - Successfully updated task 4
2025-03-04 14:23:40 - Fetching task with ID: 4
2025-03-04 14:23:40 - Task found
2025-03-04 14:23:41 - Fetching task with ID: 4
2025-03-04 14:23:41 - Task found
2025-03-04 14:23:41 - Updating task 4 with status completed
2025-03-04 14:23:41 - Successfully updated task 4
2025-03-04 14:23:42 - Fetching task with ID: 4
2025-03-04 14:23:42 - Task found
2025-03-04 14:25:50 - Creating translation task for text: Hello, how are you...
2025-03-04 14:25:50 - Languages requested: ['italian', 'german']
2025-03-04 14:25:50 - Translation task object created
2025-03-04 14:25:50 - Task added to session
2025-03-04 14:25:50 - Session committed
2025-03-04 14:25:50 - Task refreshed, ID: 5
2025-03-04 14:25:51 - Fetching task with ID: 5
2025-03-04 14:25:51 - Task found
2025-03-04 14:25:53 - Updating task 5 with status in_progress
2025-03-04 14:25:53 - Successfully updated task 5
2025-03-04 14:25:54 - Fetching task with ID: 5
2025-03-04 14:25:54 - Task found
2025-03-04 14:25:55 - Fetching task with ID: 5
2025-03-04 14:25:55 - Task found
2025-03-04 14:25:55 - Updating task 5 with status in_progress
2025-03-04 14:25:55 - Successfully updated task 5
2025-03-04 14:25:56 - Updating task 5 with status completed
2025-03-04 14:25:56 - Successfully updated task 5
2025-03-04 14:25:57 - Fetching task with ID: 5
2025-03-04 14:25:57 - Task found
2025-03-04 14:26:02 - Fetching task with ID: 5
2025-03-04 14:26:02 - Task found
2025-03-04 14:29:35 - Creating translation task for text: Hello, how are you...
2025-03-04 14:29:35 - Languages requested: ['french', 'german']
2025-03-04 14:29:35 - Translation task object created
2025-03-04 14:29:35 - Task added to session
2025-03-04 14:29:35 - Session committed
2025-03-04 14:29:35 - Task refreshed, ID: 6
2025-03-04 14:29:36 - Fetching task with ID: 6
2025-03-04 14:29:36 - Task found
2025-03-04 14:29:38 - Updating task 6 with status in_progress
2025-03-04 14:29:38 - Successfully updated task 6
2025-03-04 14:29:40 - Fetching task with ID: 6
2025-03-04 14:29:40 - Task found
2025-03-04 14:29:40 - Fetching task with ID: 6
2025-03-04 14:29:40 - Task found
2025-03-04 14:29:41 - Updating task 6 with status in_progress
2025-03-04 14:29:41 - Successfully updated task 6
2025-03-04 14:29:42 - Updating task 6 with status completed
2025-03-04 14:29:42 - Successfully updated task 6
2025-03-04 14:29:42 - Fetching task with ID: 6
2025-03-04 14:29:42 - Task found
2025-03-04 21:00:58 - Creating translation task for text: Hello, how are you?
I am fine, how about you...
2025-03-04 21:00:58 - Languages requested: ['german', 'italian']
2025-03-04 21:00:58 - Translation task object created
2025-03-04 21:00:58 - Task added to session
2025-03-04 21:00:59 - Session committed
2025-03-04 21:00:59 - Task refreshed, ID: 7
2025-03-04 21:01:00 - Fetching task with ID: 7
2025-03-04 21:01:00 - Task found
2025-03-04 21:01:04 - Fetching task with ID: 7
2025-03-04 21:01:04 - Task found
2025-03-04 21:01:04 - Fetching task with ID: 7
2025-03-04 21:01:04 - Task found
2025-03-04 21:01:06 - Fetching task with ID: 7
2025-03-04 21:01:06 - Task found
2025-03-04 21:01:08 - Fetching task with ID: 7
2025-03-04 21:01:08 - Updating task 7 with status in_progress
2025-03-04 21:01:08 - Task found
2025-03-04 21:01:08 - Successfully updated task 7
2025-03-04 21:01:10 - Fetching task with ID: 7
2025-03-04 21:01:10 - Task found
2025-03-04 21:01:12 - Fetching task with ID: 7
2025-03-04 21:01:12 - Task found
2025-03-04 21:01:14 - Fetching task with ID: 7
2025-03-04 21:01:14 - Task found
2025-03-04 21:01:16 - Fetching task with ID: 7
2025-03-04 21:01:16 - Task found
2025-03-04 21:01:17 - Fetching task with ID: 7
2025-03-04 21:01:17 - Task found
2025-03-04 21:01:18 - Fetching task with ID: 7
2025-03-04 21:01:18 - Task found
2025-03-04 21:01:20 - Fetching task with ID: 7
2025-03-04 21:01:20 - Task found
2025-03-04 21:01:21 - Updating task 7 with status in_progress
2025-03-04 21:01:21 - Successfully updated task 7
2025-03-04 21:01:22 - Updating task 7 with status completed
2025-03-04 21:01:22 - Successfully updated task 7
2025-03-04 21:01:22 - Fetching task with ID: 7
2025-03-04 21:01:22 - Task found
2025-03-04 21:04:22 - Creating translation task for text: Hello, how are you...
2025-03-04 21:04:22 - Languages requested: ['german', 'italian']
2025-03-04 21:04:22 - Translation task object created
2025-03-04 21:04:22 - Task added to session
2025-03-04 21:04:22 - Session committed
2025-03-04 21:04:22 - Task refreshed, ID: 8
2025-03-04 21:04:23 - Fetching task with ID: 8
2025-03-04 21:04:23 - Task found
2025-03-04 21:04:26 - Fetching task with ID: 8
2025-03-04 21:04:26 - Task found
2025-03-04 21:04:26 - Fetching task with ID: 8
2025-03-04 21:04:26 - Task found
2025-03-04 21:04:26 - Updating task 8 with status in_progress
2025-03-04 21:04:27 - Successfully updated task 8
2025-03-04 21:04:27 - Fetching task with ID: 8
2025-03-04 21:04:27 - Task found
2025-03-04 21:04:28 - Fetching task with ID: 8
2025-03-04 21:04:28 - Task found
2025-03-04 21:04:29 - Updating task 8 with status in_progress
2025-03-04 21:04:29 - Successfully updated task 8
2025-03-04 21:04:30 - Fetching task with ID: 8
2025-03-04 21:04:30 - Task found
2025-03-04 21:04:30 - Updating task 8 with status completed
2025-03-04 21:04:30 - Successfully updated task 8
2025-03-04 21:04:32 - Fetching task with ID: 8
2025-03-04 21:04:32 - Task found
2025-03-04 21:11:49 - Creating translation task for text: Hello there...
2025-03-04 21:11:49 - Languages requested: ['de', 'it']
2025-03-04 21:11:49 - Translation task object created
2025-03-04 21:11:49 - Task added to session
2025-03-04 21:11:49 - Session committed
2025-03-04 21:11:49 - Task refreshed, ID: 9
2025-03-04 21:11:50 - Fetching task with ID: 9
2025-03-04 21:11:50 - Task found
2025-03-04 21:11:52 - Updating task 9 with status in_progress
2025-03-04 21:11:52 - Successfully updated task 9
2025-03-04 21:11:55 - Fetching task with ID: 9
2025-03-04 21:11:55 - Task found
2025-03-04 21:11:55 - Fetching task with ID: 9
2025-03-04 21:11:55 - Task found
2025-03-04 21:11:55 - Updating task 9 with status in_progress
2025-03-04 21:11:55 - Successfully updated task 9
2025-03-04 21:11:56 - Updating task 9 with status completed
2025-03-04 21:11:56 - Successfully updated task 9
2025-03-04 21:11:57 - Fetching task with ID: 9
2025-03-04 21:11:57 - Task found
2025-03-04 21:12:09 - Fetching task with ID: 9
2025-03-04 21:12:09 - Task found
2025-03-04 21:12:20 - Fetching task with ID: 9
2025-03-04 21:12:20 - Task found
2025-03-04 21:12:31 - Creating translation task for text: Hello, how are you
...
2025-03-04 21:12:31 - Languages requested: ['de', 'it']
2025-03-04 21:12:31 - Translation task object created
2025-03-04 21:12:31 - Task added to session
2025-03-04 21:12:31 - Session committed
2025-03-04 21:12:31 - Task refreshed, ID: 10
2025-03-04 21:12:32 - Fetching task with ID: 10
2025-03-04 21:12:32 - Task found
2025-03-04 21:12:34 - Updating task 10 with status in_progress
2025-03-04 21:12:34 - Successfully updated task 10
2025-03-04 21:12:35 - Fetching task with ID: 10
2025-03-04 21:12:35 - Task found
2025-03-04 21:12:36 - Fetching task with ID: 10
2025-03-04 21:12:36 - Task found
2025-03-04 21:12:37 - Updating task 10 with status in_progress
2025-03-04 21:12:37 - Successfully updated task 10
2025-03-04 21:12:38 - Fetching task with ID: 10
2025-03-04 21:12:38 - Task found
2025-03-04 21:12:38 - Updating task 10 with status completed
2025-03-04 21:12:38 - Successfully updated task 10
2025-03-04 21:12:40 - Fetching task with ID: 10
2025-03-04 21:12:40 - Task found
2025-03-04 21:13:01 - Fetching task with ID: 10
2025-03-04 21:13:01 - Task found
2025-03-04 21:15:39 - Creating translation task for text: Hello, how are you...
2025-03-04 21:15:39 - Languages requested: ['fr', 'de']
2025-03-04 21:15:39 - Translation task object created
2025-03-04 21:15:39 - Task added to session
2025-03-04 21:15:39 - Session committed
2025-03-04 21:15:39 - Task refreshed, ID: 11
2025-03-04 21:15:41 - Fetching task with ID: 11
2025-03-04 21:15:41 - Task found
2025-03-04 21:15:42 - Updating task 11 with status in_progress
2025-03-04 21:15:42 - Successfully updated task 11
2025-03-04 21:15:45 - Fetching task with ID: 11
2025-03-04 21:15:45 - Task found
2025-03-04 21:15:50 - Updating task 11 with status in_progress
2025-03-04 21:15:50 - Successfully updated task 11
2025-03-04 21:15:51 - Updating task 11 with status completed
2025-03-04 21:15:51 - Successfully updated task 11
2025-03-04 21:15:56 - Fetching task with ID: 11
2025-03-04 21:15:56 - Task found
2025-03-04 21:15:58 - Fetching task with ID: 11
2025-03-04 21:15:58 - Task found
2025-03-04 21:36:24 - Creating translation task for text: Hello, what are you doing at the moment...
2025-03-04 21:36:24 - Languages requested: ['de', 'it']
2025-03-04 21:36:24 - Translation task object created
2025-03-04 21:36:24 - Task added to session
2025-03-04 21:36:24 - Session committed
2025-03-04 21:36:24 - Task refreshed, ID: 12
2025-03-04 21:36:25 - Fetching task with ID: 12
2025-03-04 21:36:25 - Task found
2025-03-04 21:36:28 - Updating task 12 with status in_progress
2025-03-04 21:36:28 - Successfully updated task 12
2025-03-04 21:36:29 - Fetching task with ID: 12
2025-03-04 21:36:29 - Task found
2025-03-04 21:36:31 - Updating task 12 with status in_progress
2025-03-04 21:36:31 - Successfully updated task 12
2025-03-04 21:36:32 - Updating task 12 with status completed
2025-03-04 21:36:32 - Successfully updated task 12
2025-03-04 21:36:43 - Fetching task with ID: 12
2025-03-04 21:36:43 - Task found
2025-03-04 21:39:36 - Creating translation task for text: Hello, I am from India...
2025-03-04 21:39:36 - Languages requested: ['es', 'de', 'it']
2025-03-04 21:39:36 - Translation task object created
2025-03-04 21:39:36 - Task added to session
2025-03-04 21:39:36 - Session committed
2025-03-04 21:39:37 - Task refreshed, ID: 13
2025-03-04 21:39:38 - Fetching task with ID: 13
2025-03-04 21:39:38 - Task found
2025-03-04 21:39:40 - Updating task 13 with status in_progress
2025-03-04 21:39:40 - Successfully updated task 13
2025-03-04 21:39:42 - Fetching task with ID: 13
2025-03-04 21:39:42 - Task found
2025-03-04 21:39:42 - Updating task 13 with status in_progress
2025-03-04 21:39:42 - Successfully updated task 13
2025-03-04 21:39:45 - Updating task 13 with status in_progress
2025-03-04 21:39:45 - Successfully updated task 13
2025-03-04 21:39:46 - Updating task 13 with status completed
2025-03-04 21:39:46 - Successfully updated task 13
2025-03-04 21:39:59 - Fetching task with ID: 13
2025-03-04 21:39:59 - Task found
2025-03-04 21:40:05 - Fetching task with ID: 13
2025-03-04 21:40:05 - Task found
2025-03-04 21:40:31 - Creating translation task for text: Hello, what would you like to see next...
2025-03-04 21:40:31 - Languages requested: ['de', 'it']
2025-03-04 21:40:31 - Translation task object created
2025-03-04 21:40:31 - Task added to session
2025-03-04 21:40:31 - Session committed
2025-03-04 21:40:31 - Task refreshed, ID: 14
2025-03-04 21:40:32 - Fetching task with ID: 14
2025-03-04 21:40:32 - Task found
2025-03-04 21:40:37 - Fetching task with ID: 14
2025-03-04 21:40:37 - Task found
2025-03-04 21:40:45 - Fetching task with ID: 14
2025-03-04 21:40:45 - Task found
2025-03-04 21:40:46 - Fetching task with ID: 14
2025-03-04 21:40:46 - Task found
2025-03-04 21:40:47 - Updating task 14 with status in_progress
2025-03-04 21:40:47 - Successfully updated task 14
2025-03-04 21:40:50 - Updating task 14 with status in_progress
2025-03-04 21:40:50 - Successfully updated task 14
2025-03-04 21:40:51 - Updating task 14 with status completed
2025-03-04 21:40:51 - Successfully updated task 14
2025-03-04 21:40:57 - Fetching task with ID: 14
2025-03-04 21:40:57 - Task found
2025-03-04 21:41:07 - Creating translation task for text: Hello, what would you like to see...
2025-03-04 21:41:07 - Languages requested: ['de', 'it']
2025-03-04 21:41:07 - Translation task object created
2025-03-04 21:41:07 - Task added to session
2025-03-04 21:41:07 - Session committed
2025-03-04 21:41:07 - Task refreshed, ID: 15
2025-03-04 21:41:08 - Fetching task with ID: 15
2025-03-04 21:41:08 - Task found
2025-03-04 21:41:10 - Updating task 15 with status in_progress
2025-03-04 21:41:10 - Successfully updated task 15
2025-03-04 21:41:14 - Updating task 15 with status in_progress
2025-03-04 21:41:14 - Successfully updated task 15
2025-03-04 21:41:15 - Updating task 15 with status completed
2025-03-04 21:41:15 - Successfully updated task 15
2025-03-04 21:41:22 - Fetching task with ID: 15
2025-03-04 21:41:22 - Task found
2025-03-04 21:45:21 - Creating translation task for text: Hello, how are you...
2025-03-04 21:45:21 - Languages requested: ['es', 'fr']
2025-03-04 21:45:21 - Translation task object created
2025-03-04 21:45:21 - Task added to session
2025-03-04 21:45:21 - Session committed
2025-03-04 21:45:21 - Task refreshed, ID: 16
2025-03-04 21:45:22 - Fetching task with ID: 16
2025-03-04 21:45:22 - Task found
2025-03-04 21:45:24 - Fetching task with ID: 16
2025-03-04 21:45:24 - Task found
2025-03-04 21:45:24 - Updating task 16 with status in_progress
2025-03-04 21:45:24 - Successfully updated task 16
2025-03-04 21:45:24 - Fetching task with ID: 16
2025-03-04 21:45:24 - Task found
2025-03-04 21:45:26 - Fetching task with ID: 16
2025-03-04 21:45:26 - Task found
2025-03-04 21:45:26 - Updating task 16 with status in_progress
2025-03-04 21:45:26 - Successfully updated task 16
2025-03-04 21:45:27 - Updating task 16 with status completed
2025-03-04 21:45:27 - Successfully updated task 16
2025-03-04 21:45:28 - Fetching task with ID: 16
2025-03-04 21:45:28 - Task found
2025-03-04 21:45:33 - Fetching task with ID: 16
2025-03-04 21:45:33 - Task found
2025-03-04 21:46:22 - Creating translation task for text: How is cyber security as a subject...
2025-03-04 21:46:22 - Languages requested: ['de', 'ja']
2025-03-04 21:46:22 - Translation task object created
2025-03-04 21:46:22 - Task added to session
2025-03-04 21:46:22 - Session committed
2025-03-04 21:46:22 - Task refreshed, ID: 17
2025-03-04 21:46:23 - Fetching task with ID: 17
2025-03-04 21:46:23 - Task found
2025-03-04 21:46:25 - Fetching task with ID: 17
2025-03-04 21:46:25 - Task found
2025-03-04 21:46:25 - Fetching task with ID: 17
2025-03-04 21:46:25 - Task found
2025-03-04 21:46:27 - Fetching task with ID: 17
2025-03-04 21:46:27 - Task found
2025-03-04 21:46:27 - Updating task 17 with status in_progress
2025-03-04 21:46:27 - Successfully updated task 17
2025-03-04 21:46:29 - Fetching task with ID: 17
2025-03-04 21:46:30 - Task found
2025-03-04 21:46:31 - Updating task 17 with status in_progress
2025-03-04 21:46:31 - Successfully updated task 17
2025-03-04 21:46:32 - Updating task 17 with status completed
2025-03-04 21:46:32 - Fetching task with ID: 17
2025-03-04 21:46:32 - Successfully updated task 17
2025-03-04 21:46:32 - Task found
2025-03-04 21:46:58 - Creating translation task for text: what is a subject...
2025-03-04 21:46:58 - Languages requested: ['de', 'ja']
2025-03-04 21:46:58 - Translation task object created
2025-03-04 21:46:58 - Task added to session
2025-03-04 21:46:58 - Session committed
2025-03-04 21:46:58 - Task refreshed, ID: 18
2025-03-04 21:46:59 - Fetching task with ID: 18
2025-03-04 21:46:59 - Task found
2025-03-04 21:47:01 - Fetching task with ID: 18
2025-03-04 21:47:01 - Task found
2025-03-04 21:47:02 - Updating task 18 with status in_progress
2025-03-04 21:47:02 - Successfully updated task 18
2025-03-04 21:47:03 - Fetching task with ID: 18
2025-03-04 21:47:04 - Task found
2025-03-04 21:47:05 - Updating task 18 with status in_progress
2025-03-04 21:47:05 - Successfully updated task 18
2025-03-04 21:47:06 - Fetching task with ID: 18
2025-03-04 21:47:06 - Task found
2025-03-04 21:47:06 - Updating task 18 with status completed
2025-03-04 21:47:06 - Successfully updated task 18
2025-03-04 21:47:08 - Fetching task with ID: 18
2025-03-04 21:47:08 - Task found
2025-03-04 21:51:16 - Creating translation task for text: Hello, I am here...
2025-03-04 21:51:16 - Languages requested: ['de', 'ru']
2025-03-04 21:51:16 - Translation task object created
2025-03-04 21:51:16 - Task added to session
2025-03-04 21:51:17 - Session committed
2025-03-04 21:51:17 - Task refreshed, ID: 19
2025-03-04 21:51:18 - Fetching task with ID: 19
2025-03-04 21:51:18 - Task found
2025-03-04 21:51:20 - Fetching task with ID: 19
2025-03-04 21:51:20 - Task found
2025-03-04 21:51:20 - Updating task 19 with status in_progress
2025-03-04 21:51:20 - Successfully updated task 19
2025-03-04 21:51:22 - Fetching task with ID: 19
2025-03-04 21:51:22 - Task found
2025-03-04 21:51:22 - Fetching task with ID: 19
2025-03-04 21:51:22 - Task found
2025-03-04 21:51:23 - Updating task 19 with status in_progress
2025-03-04 21:51:23 - Successfully updated task 19
2025-03-04 21:51:24 - Fetching task with ID: 19
2025-03-04 21:51:24 - Task found
2025-03-04 21:51:24 - Updating task 19 with status completed
2025-03-04 21:51:24 - Successfully updated task 19
2025-03-04 21:51:26 - Fetching task with ID: 19
2025-03-04 21:51:26 - Task found
2025-03-04 21:51:26 - Fetching task with ID: 19
2025-03-04 21:51:26 - Task found
2025-03-04 21:51:27 - Fetching task with ID: 19
2025-03-04 21:51:27 - Task found
2025-03-04 21:53:04 - Creating translation task for text: Hello, I am...
2025-03-04 21:53:04 - Languages requested: ['de', 'ru']
2025-03-04 21:53:04 - Translation task object created
2025-03-04 21:53:04 - Task added to session
2025-03-04 21:53:04 - Session committed
2025-03-04 21:53:04 - Task refreshed, ID: 20
2025-03-04 21:53:05 - Fetching task with ID: 20
2025-03-04 21:53:05 - Task found
2025-03-04 21:53:07 - Fetching task with ID: 20
2025-03-04 21:53:07 - Task found
2025-03-04 21:53:08 - Updating task 20 with status in_progress
2025-03-04 21:53:08 - Successfully updated task 20
2025-03-04 21:53:09 - Fetching task with ID: 20
2025-03-04 21:53:10 - Task found
2025-03-04 21:53:11 - Updating task 20 with status in_progress
2025-03-04 21:53:11 - Successfully updated task 20
2025-03-04 21:53:12 - Fetching task with ID: 20
2025-03-04 21:53:12 - Task found
2025-03-04 21:53:12 - Updating task 20 with status completed
2025-03-04 21:53:12 - Successfully updated task 20
2025-03-04 21:53:14 - Fetching task with ID: 20
2025-03-04 21:53:14 - Task found
2025-03-04 21:55:07 - Creating translation task for text: Hello, this is a translation service...
2025-03-04 21:55:07 - Languages requested: ['ru', 'ja']
2025-03-04 21:55:07 - Translation task object created
2025-03-04 21:55:07 - Task added to session
2025-03-04 21:55:07 - Session committed
2025-03-04 21:55:07 - Task refreshed, ID: 21
2025-03-04 21:55:08 - Fetching task with ID: 21
2025-03-04 21:55:08 - Task found
2025-03-04 21:55:10 - Fetching task with ID: 21
2025-03-04 21:55:10 - Task found
2025-03-04 21:55:11 - Updating task 21 with status in_progress
2025-03-04 21:55:11 - Successfully updated task 21
2025-03-04 21:55:12 - Fetching task with ID: 21
2025-03-04 21:55:13 - Task found
2025-03-04 21:55:15 - Fetching task with ID: 21
2025-03-04 21:55:15 - Task found
2025-03-04 21:55:17 - Fetching task with ID: 21
2025-03-04 21:55:17 - Task found
2025-03-04 21:55:17 - Updating task 21 with status in_progress
2025-03-04 21:55:17 - Successfully updated task 21
2025-03-04 21:55:18 - Updating task 21 with status completed
2025-03-04 21:55:18 - Successfully updated task 21
2025-03-04 21:55:19 - Fetching task with ID: 21
2025-03-04 21:55:19 - Task found
2025-03-04 21:55:23 - Fetching task with ID: 21
2025-03-04 21:55:23 - Task found
2025-03-04 21:55:53 - Creating translation task for text: Translation service application...
2025-03-04 21:55:53 - Languages requested: ['fr', 'de', 'ko']
2025-03-04 21:55:53 - Translation task object created
2025-03-04 21:55:53 - Task added to session
2025-03-04 21:55:53 - Session committed
2025-03-04 21:55:53 - Task refreshed, ID: 22
2025-03-04 21:55:54 - Fetching task with ID: 22
2025-03-04 21:55:54 - Task found
2025-03-04 21:55:56 - Updating task 22 with status in_progress
2025-03-04 21:55:56 - Successfully updated task 22
2025-03-04 21:55:56 - Fetching task with ID: 22
2025-03-04 21:55:56 - Task found
2025-03-04 21:55:58 - Fetching task with ID: 22
2025-03-04 21:55:58 - Task found
2025-03-04 21:56:00 - Fetching task with ID: 22
2025-03-04 21:56:00 - Task found
2025-03-04 21:56:02 - Fetching task with ID: 22
2025-03-04 21:56:02 - Task found
2025-03-04 21:56:04 - Updating task 22 with status in_progress
2025-03-04 21:56:04 - Successfully updated task 22
2025-03-04 21:56:04 - Fetching task with ID: 22
2025-03-04 21:56:04 - Task found
2025-03-04 21:56:06 - Fetching task with ID: 22
2025-03-04 21:56:06 - Task found
2025-03-04 21:56:07 - Updating task 22 with status in_progress
2025-03-04 21:56:07 - Successfully updated task 22
2025-03-04 21:56:08 - Updating task 22 with status completed
2025-03-04 21:56:08 - Fetching task with ID: 22
2025-03-04 21:56:08 - Successfully updated task 22
2025-03-04 21:56:08 - Task found
2025-03-04 21:58:08 - Creating translation task for text: Hello...
2025-03-04 21:58:08 - Languages requested: ['ja', 'ko', 'zh']
2025-03-04 21:58:08 - Translation task object created
2025-03-04 21:58:08 - Task added to session
2025-03-04 21:58:09 - Session committed
2025-03-04 21:58:09 - Task refreshed, ID: 23
2025-03-04 21:58:10 - Fetching task with ID: 23
2025-03-04 21:58:10 - Task found
2025-03-04 21:58:11 - Fetching task with ID: 23
2025-03-04 21:58:11 - Task found
2025-03-04 21:58:12 - Fetching task with ID: 23
2025-03-04 21:58:12 - Task found
2025-03-04 21:58:12 - Updating task 23 with status in_progress
2025-03-04 21:58:12 - Successfully updated task 23
2025-03-04 21:58:13 - Fetching task with ID: 23
2025-03-04 21:58:13 - Task found
2025-03-04 21:58:14 - Fetching task with ID: 23
2025-03-04 21:58:14 - Task found
2025-03-04 21:58:15 - Fetching task with ID: 23
2025-03-04 21:58:15 - Task found
2025-03-04 21:58:16 - Fetching task with ID: 23
2025-03-04 21:58:16 - Task found
2025-03-04 21:58:16 - Updating task 23 with status in_progress
2025-03-04 21:58:16 - Successfully updated task 23
2025-03-04 21:58:17 - Fetching task with ID: 23
2025-03-04 21:58:17 - Task found
2025-03-04 21:58:18 - Fetching task with ID: 23
2025-03-04 21:58:18 - Task found
2025-03-04 21:58:19 - Fetching task with ID: 23
2025-03-04 21:58:19 - Task found
2025-03-04 21:58:19 - Updating task 23 with status in_progress
2025-03-04 21:58:19 - Successfully updated task 23
2025-03-04 21:58:20 - Fetching task with ID: 23
2025-03-04 21:58:20 - Task found
2025-03-04 21:58:20 - Updating task 23 with status completed
2025-03-04 21:58:20 - Successfully updated task 23
2025-03-04 21:58:21 - Fetching task with ID: 23
2025-03-04 21:58:21 - Task found
2025-03-04 21:58:24 - Fetching task with ID: 23
2025-03-04 21:58:24 - Task found
2025-03-04 22:11:00 - Creating translation task for text: What is a translation service application...
2025-03-04 22:11:00 - Languages requested: ['ru', 'ja']
2025-03-04 22:11:00 - Translation task object created
2025-03-04 22:11:00 - Task added to session
2025-03-04 22:11:00 - Session committed
2025-03-04 22:11:00 - Task refreshed, ID: 24
2025-03-04 22:11:01 - Fetching task with ID: 24
2025-03-04 22:11:01 - Task found
2025-03-04 22:11:02 - Fetching task with ID: 24
2025-03-04 22:11:02 - Task found
2025-03-04 22:11:03 - Fetching task with ID: 24
2025-03-04 22:11:03 - Task found
2025-03-04 22:11:03 - Fetching task with ID: 24
2025-03-04 22:11:03 - Task found
2025-03-04 22:11:03 - Updating task 24 with status in_progress
2025-03-04 22:11:03 - Successfully updated task 24
2025-03-04 22:11:04 - Fetching task with ID: 24
2025-03-04 22:11:04 - Task found
2025-03-04 22:11:05 - Fetching task with ID: 24
2025-03-04 22:11:05 - Task found
2025-03-04 22:11:06 - Fetching task with ID: 24
2025-03-04 22:11:06 - Task found
2025-03-04 22:11:07 - Fetching task with ID: 24
2025-03-04 22:11:07 - Task found
2025-03-04 22:11:07 - Updating task 24 with status in_progress
2025-03-04 22:11:07 - Successfully updated task 24
2025-03-04 22:11:08 - Fetching task with ID: 24
2025-03-04 22:11:08 - Task found
2025-03-04 22:11:08 - Updating task 24 with status completed
2025-03-04 22:11:08 - Successfully updated task 24
2025-03-04 22:11:09 - Fetching task with ID: 24
2025-03-04 22:11:09 - Task found
2025-03-04 22:11:16 - Fetching task with ID: 24
2025-03-04 22:11:16 - Task found
2025-03-04 22:11:18 - Fetching task with ID: 24
2025-03-04 22:11:18 - Task found
2025-03-04 22:11:18 - Fetching task with ID: 24
2025-03-04 22:11:18 - Task found
2025-03-04 22:12:52 - Creating translation task for text: Hello...
2025-03-04 22:12:52 - Languages requested: ['de', 'ru', 'ko']
2025-03-04 22:12:52 - Translation task object created
2025-03-04 22:12:52 - Task added to session
2025-03-04 22:12:52 - Session committed
2025-03-04 22:12:52 - Task refreshed, ID: 25
2025-03-04 22:12:53 - Fetching task with ID: 25
2025-03-04 22:12:53 - Task found
2025-03-04 22:12:54 - Fetching task with ID: 25
2025-03-04 22:12:54 - Task found
2025-03-04 22:12:55 - Fetching task with ID: 25
2025-03-04 22:12:55 - Task found
2025-03-04 22:12:55 - Fetching task with ID: 25
2025-03-04 22:12:55 - Task found
2025-03-04 22:12:55 - Updating task 25 with status in_progress
2025-03-04 22:12:55 - Successfully updated task 25
2025-03-04 22:12:56 - Fetching task with ID: 25
2025-03-04 22:12:56 - Task found
2025-03-04 22:12:57 - Fetching task with ID: 25
2025-03-04 22:12:57 - Task found
2025-03-04 22:12:58 - Updating task 25 with status in_progress
2025-03-04 22:12:58 - Successfully updated task 25
2025-03-04 22:12:58 - Fetching task with ID: 25
2025-03-04 22:12:58 - Task found
2025-03-04 22:12:59 - Fetching task with ID: 25
2025-03-04 22:12:59 - Task found
2025-03-04 22:13:00 - Updating task 25 with status in_progress
2025-03-04 22:13:00 - Successfully updated task 25
2025-03-04 22:13:00 - Fetching task with ID: 25
2025-03-04 22:13:00 - Task found
2025-03-04 22:13:01 - Updating task 25 with status completed
2025-03-04 22:13:01 - Successfully updated task 25
2025-03-04 22:13:01 - Fetching task with ID: 25
2025-03-04 22:13:01 - Task found
2025-03-04 22:13:27 - Creating translation task for text: This is a translation service app...
2025-03-04 22:13:27 - Languages requested: ['it', 'ja', 'ko']
2025-03-04 22:13:27 - Translation task object created
2025-03-04 22:13:27 - Task added to session
2025-03-04 22:13:27 - Session committed
2025-03-04 22:13:27 - Task refreshed, ID: 26
2025-03-04 22:13:28 - Fetching task with ID: 26
2025-03-04 22:13:28 - Task found
2025-03-04 22:13:29 - Fetching task with ID: 26
2025-03-04 22:13:29 - Task found
2025-03-04 22:13:30 - Fetching task with ID: 26
2025-03-04 22:13:30 - Task found
2025-03-04 22:13:31 - Fetching task with ID: 26
2025-03-04 22:13:31 - Task found
2025-03-04 22:13:32 - Fetching task with ID: 26
2025-03-04 22:13:32 - Task found
2025-03-04 22:13:32 - Updating task 26 with status in_progress
2025-03-04 22:13:32 - Successfully updated task 26
2025-03-04 22:13:33 - Fetching task with ID: 26
2025-03-04 22:13:33 - Task found
2025-03-04 22:13:34 - Fetching task with ID: 26
2025-03-04 22:13:34 - Task found
2025-03-04 22:13:35 - Fetching task with ID: 26
2025-03-04 22:13:35 - Task found
2025-03-04 22:13:36 - Fetching task with ID: 26
2025-03-04 22:13:36 - Task found
2025-03-04 22:13:37 - Fetching task with ID: 26
2025-03-04 22:13:37 - Task found
2025-03-04 22:13:37 - Updating task 26 with status in_progress
2025-03-04 22:13:37 - Successfully updated task 26
2025-03-04 22:13:38 - Fetching task with ID: 26
2025-03-04 22:13:38 - Task found
2025-03-04 22:13:39 - Fetching task with ID: 26
2025-03-04 22:13:39 - Task found
2025-03-04 22:13:40 - Fetching task with ID: 26
2025-03-04 22:13:40 - Task found
2025-03-04 22:13:41 - Updating task 26 with status in_progress
2025-03-04 22:13:41 - Successfully updated task 26
2025-03-04 22:13:41 - Fetching task with ID: 26
2025-03-04 22:13:41 - Task found
2025-03-04 22:13:42 - Updating task 26 with status completed
2025-03-04 22:13:42 - Successfully updated task 26
2025-03-04 22:13:42 - Fetching task with ID: 26
2025-03-04 22:13:42 - Task found
2025-03-04 22:34:51 - Creating translation task for text: Hello there, this is my translation service app...
2025-03-04 22:34:51 - Languages requested: ['de', 'it', 'ru']
2025-03-04 22:34:51 - Translation task object created
2025-03-04 22:34:51 - Task added to session
2025-03-04 22:34:51 - Session committed
2025-03-04 22:34:51 - Task refreshed, ID: 27
2025-03-04 22:34:52 - Fetching task with ID: 27
2025-03-04 22:34:52 - Task found
2025-03-04 22:34:53 - Fetching task with ID: 27
2025-03-04 22:34:53 - Task found
2025-03-04 22:34:54 - Fetching task with ID: 27
2025-03-04 22:34:54 - Task found
2025-03-04 22:34:55 - Fetching task with ID: 27
2025-03-04 22:34:55 - Task found
2025-03-04 22:34:56 - Fetching task with ID: 27
2025-03-04 22:34:56 - Task found
2025-03-04 22:34:56 - Fetching task with ID: 27
2025-03-04 22:34:56 - Task found
2025-03-04 22:34:57 - Fetching task with ID: 27
2025-03-04 22:34:57 - Task found
2025-03-04 22:34:58 - Fetching task with ID: 27
2025-03-04 22:34:58 - Task found
2025-03-04 22:34:59 - Fetching task with ID: 27
2025-03-04 22:34:59 - Task found
2025-03-04 22:35:00 - Fetching task with ID: 27
2025-03-04 22:35:00 - Task found
2025-03-04 22:35:01 - Fetching task with ID: 27
2025-03-04 22:35:01 - Task found
2025-03-04 22:35:02 - Fetching task with ID: 27
2025-03-04 22:35:02 - Task found
2025-03-04 22:35:03 - Fetching task with ID: 27
2025-03-04 22:35:03 - Task found
2025-03-04 22:35:04 - Fetching task with ID: 27
2025-03-04 22:35:04 - Task found
2025-03-04 22:35:05 - Fetching task with ID: 27
2025-03-04 22:35:05 - Task found
2025-03-04 22:35:06 - Fetching task with ID: 27
2025-03-04 22:35:06 - Task found
2025-03-04 22:35:07 - Fetching task with ID: 27
2025-03-04 22:35:07 - Task found
2025-03-04 22:35:08 - Fetching task with ID: 27
2025-03-04 22:35:08 - Task found
2025-03-04 22:35:09 - Fetching task with ID: 27
2025-03-04 22:35:09 - Task found
2025-03-04 22:35:11 - Fetching task with ID: 27
2025-03-04 22:35:11 - Task found
2025-03-04 22:35:12 - Fetching task with ID: 27
2025-03-04 22:35:12 - Task found
2025-03-04 22:35:13 - Fetching task with ID: 27
2025-03-04 22:35:13 - Task found
2025-03-04 22:35:14 - Fetching task with ID: 27
2025-03-04 22:35:14 - Task found
2025-03-04 22:35:15 - Fetching task with ID: 27
2025-03-04 22:35:15 - Task found
2025-03-04 22:35:16 - Fetching task with ID: 27
2025-03-04 22:35:16 - Task found
2025-03-04 22:35:17 - Fetching task with ID: 27
2025-03-04 22:35:17 - Task found
2025-03-04 22:35:18 - Fetching task with ID: 27
2025-03-04 22:35:18 - Task found
2025-03-04 22:35:19 - Fetching task with ID: 27
2025-03-04 22:35:19 - Task found
2025-03-04 22:35:20 - Fetching task with ID: 27
2025-03-04 22:35:20 - Task found
2025-03-04 22:35:21 - Fetching task with ID: 27
2025-03-04 22:35:21 - Task found
2025-03-04 22:35:22 - Fetching task with ID: 27
2025-03-04 22:35:22 - Task found
2025-03-04 22:35:23 - Fetching task with ID: 27
2025-03-04 22:35:23 - Task found
2025-03-04 22:35:27 - Creating translation task for text: Hello there, this is my translation service app...
2025-03-04 22:35:27 - Languages requested: ['de', 'it', 'ru']
2025-03-04 22:35:27 - Translation task object created
2025-03-04 22:35:27 - Task added to session
2025-03-04 22:35:27 - Session committed
2025-03-04 22:35:27 - Task refreshed, ID: 28
2025-03-04 22:35:28 - Fetching task with ID: 28
2025-03-04 22:35:28 - Task found
2025-03-04 22:35:29 - Fetching task with ID: 28
2025-03-04 22:35:29 - Task found
2025-03-04 22:35:30 - Fetching task with ID: 28
2025-03-04 22:35:30 - Task found
2025-03-04 22:35:31 - Updating task 27 with status in_progress
2025-03-04 22:35:31 - Successfully updated task 27
2025-03-04 22:35:31 - Fetching task with ID: 28
2025-03-04 22:35:31 - Task found
2025-03-04 22:35:32 - Fetching task with ID: 28
2025-03-04 22:35:32 - Task found
2025-03-04 22:35:33 - Fetching task with ID: 28
2025-03-04 22:35:33 - Task found
2025-03-04 22:35:34 - Fetching task with ID: 28
2025-03-04 22:35:34 - Task found
2025-03-04 22:35:35 - Fetching task with ID: 28
2025-03-04 22:35:35 - Task found
2025-03-04 22:35:36 - Fetching task with ID: 28
2025-03-04 22:35:36 - Task found
2025-03-04 22:35:37 - Fetching task with ID: 28
2025-03-04 22:35:37 - Task found
2025-03-04 22:35:38 - Fetching task with ID: 28
2025-03-04 22:35:38 - Task found
2025-03-04 22:35:40 - Fetching task with ID: 28
2025-03-04 22:35:40 - Task found
2025-03-04 22:35:41 - Fetching task with ID: 28
2025-03-04 22:35:41 - Task found
2025-03-04 22:35:42 - Fetching task with ID: 28
2025-03-04 22:35:42 - Task found
2025-03-04 22:35:42 - Updating task 28 with status in_progress
2025-03-04 22:35:42 - Successfully updated task 28
2025-03-04 22:35:43 - Fetching task with ID: 28
2025-03-04 22:35:43 - Task found
2025-03-04 22:35:43 - Updating task 27 with status in_progress
2025-03-04 22:35:43 - Successfully updated task 27
2025-03-04 22:35:44 - Fetching task with ID: 28
2025-03-04 22:35:44 - Task found
2025-03-04 22:35:44 - Updating task 27 with status completed
2025-03-04 22:35:44 - Successfully updated task 27
2025-03-04 22:35:45 - Fetching task with ID: 28
2025-03-04 22:35:45 - Task found
2025-03-04 22:35:46 - Fetching task with ID: 28
2025-03-04 22:35:46 - Task found
2025-03-04 22:35:47 - Fetching task with ID: 28
2025-03-04 22:35:47 - Task found
2025-03-04 22:35:48 - Fetching task with ID: 28
2025-03-04 22:35:48 - Task found
2025-03-04 22:35:49 - Fetching task with ID: 28
2025-03-04 22:35:49 - Task found
2025-03-04 22:35:50 - Fetching task with ID: 28
2025-03-04 22:35:50 - Task found
2025-03-04 22:35:51 - Fetching task with ID: 28
2025-03-04 22:35:51 - Task found
2025-03-04 22:35:52 - Fetching task with ID: 28
2025-03-04 22:35:52 - Task found
2025-03-04 22:35:53 - Fetching task with ID: 28
2025-03-04 22:35:53 - Task found
2025-03-04 22:35:54 - Fetching task with ID: 28
2025-03-04 22:35:54 - Task found
2025-03-04 22:35:55 - Updating task 28 with status in_progress
2025-03-04 22:35:55 - Successfully updated task 28
2025-03-04 22:35:55 - Fetching task with ID: 28
2025-03-04 22:35:55 - Task found
2025-03-04 22:35:56 - Fetching task with ID: 28
2025-03-04 22:35:56 - Task found
2025-03-04 22:35:57 - Fetching task with ID: 28
2025-03-04 22:35:57 - Task found
2025-03-04 22:35:58 - Fetching task with ID: 28
2025-03-04 22:35:58 - Task found
2025-03-04 22:35:59 - Fetching task with ID: 28
2025-03-04 22:35:59 - Task found
2025-03-04 22:36:06 - Creating translation task for text: Hello there, this is my translation service app...
2025-03-04 22:36:06 - Languages requested: ['de', 'it', 'ru']
2025-03-04 22:36:06 - Translation task object created
2025-03-04 22:36:06 - Task added to session
2025-03-04 22:36:06 - Session committed
2025-03-04 22:36:06 - Task refreshed, ID: 29
2025-03-04 22:36:07 - Fetching task with ID: 29
2025-03-04 22:36:07 - Task found
2025-03-04 22:36:08 - Fetching task with ID: 29
2025-03-04 22:36:08 - Task found
2025-03-04 22:36:09 - Fetching task with ID: 29
2025-03-04 22:36:09 - Task found
2025-03-04 22:36:10 - Fetching task with ID: 29
2025-03-04 22:36:10 - Task found
2025-03-04 22:36:11 - Fetching task with ID: 29
2025-03-04 22:36:11 - Task found
2025-03-04 22:36:12 - Updating task 28 with status completed
2025-03-04 22:36:12 - Successfully updated task 28
2025-03-04 22:36:12 - Fetching task with ID: 29
2025-03-04 22:36:12 - Task found
2025-03-04 22:36:13 - Fetching task with ID: 29
2025-03-04 22:36:13 - Task found
2025-03-04 22:36:14 - Fetching task with ID: 29
2025-03-04 22:36:14 - Task found
2025-03-04 22:36:16 - Fetching task with ID: 29
2025-03-04 22:36:16 - Task found
2025-03-04 22:36:17 - Fetching task with ID: 29
2025-03-04 22:36:17 - Task found
2025-03-04 22:36:18 - Fetching task with ID: 29
2025-03-04 22:36:18 - Task found
2025-03-04 22:36:19 - Fetching task with ID: 29
2025-03-04 22:36:19 - Task found
2025-03-04 22:36:20 - Fetching task with ID: 29
2025-03-04 22:36:20 - Task found
2025-03-04 22:36:21 - Fetching task with ID: 29
2025-03-04 22:36:21 - Task found
2025-03-04 22:36:22 - Fetching task with ID: 29
2025-03-04 22:36:22 - Task found
2025-03-04 22:36:23 - Fetching task with ID: 29
2025-03-04 22:36:23 - Task found
2025-03-04 22:36:24 - Fetching task with ID: 29
2025-03-04 22:36:24 - Task found
2025-03-04 22:36:25 - Fetching task with ID: 29
2025-03-04 22:36:25 - Task found
2025-03-04 22:36:26 - Fetching task with ID: 29
2025-03-04 22:36:26 - Task found
2025-03-04 22:36:27 - Fetching task with ID: 29
2025-03-04 22:36:27 - Task found
2025-03-04 22:36:28 - Fetching task with ID: 29
2025-03-04 22:36:28 - Task found
2025-03-04 22:36:29 - Fetching task with ID: 29
2025-03-04 22:36:29 - Task found
2025-03-04 22:36:30 - Fetching task with ID: 29
2025-03-04 22:36:30 - Task found
2025-03-04 22:36:31 - Fetching task with ID: 29
2025-03-04 22:36:31 - Task found
2025-03-04 22:36:32 - Fetching task with ID: 29
2025-03-04 22:36:32 - Task found
2025-03-04 22:36:33 - Fetching task with ID: 29
2025-03-04 22:36:33 - Task found
2025-03-04 22:36:34 - Fetching task with ID: 29
2025-03-04 22:36:34 - Task found
2025-03-04 22:36:35 - Fetching task with ID: 29
2025-03-04 22:36:35 - Task found
2025-03-04 22:36:35 - Updating task 29 with status in_progress
2025-03-04 22:36:35 - Successfully updated task 29
2025-03-04 22:36:36 - Fetching task with ID: 29
2025-03-04 22:36:36 - Task found
2025-03-04 22:36:37 - Fetching task with ID: 29
2025-03-04 22:36:37 - Task found
2025-03-04 22:36:38 - Fetching task with ID: 29
2025-03-04 22:36:38 - Task found
2025-03-04 22:36:40 - Updating task 29 with status in_progress
2025-03-04 22:36:40 - Successfully updated task 29
2025-03-04 22:36:41 - Updating task 29 with status completed
2025-03-04 22:36:41 - Successfully updated task 29
2025-03-04 22:37:45 - Creating translation task for text: Hello there, this is my translation service app...
2025-03-04 22:37:45 - Languages requested: ['de', 'it', 'ru']
2025-03-04 22:37:45 - Translation task object created
2025-03-04 22:37:45 - Task added to session
2025-03-04 22:37:45 - Session committed
2025-03-04 22:37:45 - Task refreshed, ID: 30
2025-03-04 22:37:46 - Fetching task with ID: 30
2025-03-04 22:37:46 - Task found
2025-03-04 22:37:47 - Fetching task with ID: 30
2025-03-04 22:37:47 - Task found
2025-03-04 22:37:48 - Fetching task with ID: 30
2025-03-04 22:37:48 - Task found
2025-03-04 22:37:49 - Fetching task with ID: 30
2025-03-04 22:37:49 - Task found
2025-03-04 22:37:50 - Fetching task with ID: 30
2025-03-04 22:37:50 - Task found
2025-03-04 22:37:50 - Updating task 30 with status in_progress
2025-03-04 22:37:50 - Successfully updated task 30
2025-03-04 22:37:51 - Fetching task with ID: 30
2025-03-04 22:37:51 - Task found
2025-03-04 22:37:52 - Fetching task with ID: 30
2025-03-04 22:37:52 - Task found
2025-03-04 22:37:53 - Fetching task with ID: 30
2025-03-04 22:37:53 - Task found
2025-03-04 22:37:54 - Updating task 30 with status in_progress
2025-03-04 22:37:54 - Successfully updated task 30
2025-03-04 22:37:54 - Fetching task with ID: 30
2025-03-04 22:37:54 - Task found
2025-03-04 22:37:54 - Fetching task with ID: 30
2025-03-04 22:37:54 - Task found
2025-03-04 22:37:55 - Fetching task with ID: 30
2025-03-04 22:37:55 - Task found
2025-03-04 22:37:56 - Fetching task with ID: 30
2025-03-04 22:37:56 - Task found
2025-03-04 22:37:57 - Fetching task with ID: 30
2025-03-04 22:37:57 - Task found
2025-03-04 22:37:58 - Updating task 30 with status in_progress
2025-03-04 22:37:58 - Successfully updated task 30
2025-03-04 22:37:58 - Fetching task with ID: 30
2025-03-04 22:37:58 - Task found
2025-03-04 22:37:59 - Updating task 30 with status completed
2025-03-04 22:37:59 - Successfully updated task 30
2025-03-04 22:37:59 - Fetching task with ID: 30
2025-03-04 22:37:59 - Task found
2025-03-06 20:23:41 - Creating translation task for text: This is a test to check if everything is working....
2025-03-06 20:23:41 - Languages requested: ['es', 'de', 'ru']
2025-03-06 20:23:41 - Translation task object created
2025-03-06 20:23:41 - Task added to session
2025-03-06 20:23:42 - Session committed
2025-03-06 20:23:42 - Task refreshed, ID: 31
2025-03-06 20:23:43 - Fetching task with ID: 31
2025-03-06 20:23:43 - Task found
2025-03-06 20:23:44 - Fetching task with ID: 31
2025-03-06 20:23:44 - Task found
2025-03-06 20:23:45 - Fetching task with ID: 31
2025-03-06 20:23:45 - Task found
2025-03-06 20:23:45 - Updating task 31 with status in_progress
2025-03-06 20:23:45 - Successfully updated task 31
2025-03-06 20:23:46 - Fetching task with ID: 31
2025-03-06 20:23:46 - Task found
2025-03-06 20:23:47 - Fetching task with ID: 31
2025-03-06 20:23:47 - Task found
2025-03-06 20:23:48 - Fetching task with ID: 31
2025-03-06 20:23:48 - Task found
2025-03-06 20:23:49 - Updating task 31 with status in_progress
2025-03-06 20:23:49 - Successfully updated task 31
2025-03-06 20:23:49 - Fetching task with ID: 31
2025-03-06 20:23:49 - Task found
2025-03-06 20:23:50 - Fetching task with ID: 31
2025-03-06 20:23:50 - Task found
2025-03-06 20:23:51 - Fetching task with ID: 31
2025-03-06 20:23:51 - Task found
2025-03-06 20:23:52 - Fetching task with ID: 31
2025-03-06 20:23:52 - Task found
2025-03-06 20:23:52 - Updating task 31 with status in_progress
2025-03-06 20:23:52 - Successfully updated task 31
2025-03-06 20:23:53 - Fetching task with ID: 31
2025-03-06 20:23:53 - Task found
2025-03-06 20:23:53 - Updating task 31 with status completed
2025-03-06 20:23:53 - Successfully updated task 31
2025-03-06 20:23:54 - Fetching task with ID: 31
2025-03-06 20:23:54 - Task found
2025-03-06 20:53:39 - Creating translation task for text: This is a final test for the translation.
Let's se...
2025-03-06 20:53:39 - Languages requested: ['pt', 'ru', 'ko']
2025-03-06 20:53:39 - Translation task object created
2025-03-06 20:53:39 - Task added to session
2025-03-06 20:53:39 - Session committed
2025-03-06 20:53:39 - Task refreshed, ID: 32
2025-03-06 20:53:40 - Fetching task with ID: 32
2025-03-06 20:53:40 - Task found
2025-03-06 20:53:41 - Fetching task with ID: 32
2025-03-06 20:53:41 - Task found
2025-03-06 20:53:42 - Fetching task with ID: 32
2025-03-06 20:53:42 - Task found
2025-03-06 20:53:43 - Updating task 32 with status in_progress
2025-03-06 20:53:43 - Successfully updated task 32
2025-03-06 20:53:43 - Fetching task with ID: 32
2025-03-06 20:53:43 - Task found
2025-03-06 20:53:44 - Fetching task with ID: 32
2025-03-06 20:53:44 - Task found
2025-03-06 20:53:45 - Fetching task with ID: 32
2025-03-06 20:53:45 - Task found
2025-03-06 20:53:46 - Updating task 32 with status in_progress
2025-03-06 20:53:46 - Successfully updated task 32
2025-03-06 20:53:46 - Fetching task with ID: 32
2025-03-06 20:53:46 - Task found
2025-03-06 20:53:46 - Fetching task with ID: 32
2025-03-06 20:53:46 - Task found
2025-03-06 20:53:47 - Fetching task with ID: 32
2025-03-06 20:53:47 - Task found
2025-03-06 20:53:48 - Fetching task with ID: 32
2025-03-06 20:53:48 - Task found
2025-03-06 20:53:49 - Updating task 32 with status in_progress
2025-03-06 20:53:49 - Successfully updated task 32
2025-03-06 20:53:49 - Fetching task with ID: 32
2025-03-06 20:53:49 - Task found
2025-03-06 20:53:50 - Updating task 32 with status completed
2025-03-06 20:53:50 - Successfully updated task 32
2025-03-06 20:53:50 - Fetching task with ID: 32
2025-03-06 20:53:50 - Task found
2025-03-06 21:02:43 - Creating translation task for text: This is another test for the web....
2025-03-06 21:02:43 - Languages requested: ['es']
2025-03-06 21:02:43 - Translation task object created
2025-03-06 21:02:43 - Task added to session
2025-03-06 21:02:43 - Session committed
2025-03-06 21:02:43 - Task refreshed, ID: 33
2025-03-06 21:02:44 - Fetching task with ID: 33
2025-03-06 21:02:44 - Task found
2025-03-06 21:02:45 - Fetching task with ID: 33
2025-03-06 21:02:45 - Task found
2025-03-06 21:02:46 - Fetching task with ID: 33
2025-03-06 21:02:46 - Task found
2025-03-06 21:02:46 - Updating task 33 with status in_progress
2025-03-06 21:02:46 - Successfully updated task 33
2025-03-06 21:02:47 - Fetching task with ID: 33
2025-03-06 21:02:47 - Task found
2025-03-06 21:02:47 - Updating task 33 with status completed
2025-03-06 21:02:47 - Successfully updated task 33
2025-03-06 21:02:48 - Fetching task with ID: 33
2025-03-06 21:02:48 - Task found
2025-03-06 21:10:36 - Creating translation task for text: Is this still working?...
2025-03-06 21:10:36 - Languages requested: ['es', 'de']
2025-03-06 21:10:36 - Translation task object created
2025-03-06 21:10:36 - Task added to session
2025-03-06 21:10:36 - Session committed
2025-03-06 21:10:37 - Task refreshed, ID: 34
2025-03-06 21:10:38 - Fetching task with ID: 34
2025-03-06 21:10:38 - Task found
2025-03-06 21:10:39 - Fetching task with ID: 34
2025-03-06 21:10:39 - Task found
2025-03-06 21:10:40 - Fetching task with ID: 34
2025-03-06 21:10:40 - Task found
2025-03-06 21:10:40 - Fetching task with ID: 34
2025-03-06 21:10:40 - Task found
2025-03-06 21:10:41 - Fetching task with ID: 34
2025-03-06 21:10:41 - Task found
2025-03-06 21:10:42 - Fetching task with ID: 34
2025-03-06 21:10:42 - Task found
2025-03-06 21:10:43 - Fetching task with ID: 34
2025-03-06 21:10:43 - Task found
2025-03-06 21:10:43 - Updating task 34 with status in_progress
2025-03-06 21:10:43 - Successfully updated task 34
2025-03-06 21:10:44 - Fetching task with ID: 34
2025-03-06 21:10:44 - Task found
2025-03-06 21:10:45 - Fetching task with ID: 34
2025-03-06 21:10:45 - Task found
2025-03-06 21:10:46 - Fetching task with ID: 34
2025-03-06 21:10:46 - Task found
2025-03-06 21:10:47 - Fetching task with ID: 34
2025-03-06 21:10:47 - Task found
2025-03-06 21:10:48 - Fetching task with ID: 34
2025-03-06 21:10:48 - Task found
2025-03-06 21:10:49 - Updating task 34 with status in_progress
2025-03-06 21:10:49 - Successfully updated task 34
2025-03-06 21:10:49 - Fetching task with ID: 34
2025-03-06 21:10:49 - Task found
2025-03-06 21:10:50 - Updating task 34 with status completed
2025-03-06 21:10:50 - Successfully updated task 34
2025-03-06 21:10:50 - Fetching task with ID: 34
2025-03-06 21:10:50 - Task found
2025-03-06 21:28:40 - Creating translation task for text: Hello there...
2025-03-06 21:28:40 - Languages requested: ['fr', 'ru']
2025-03-06 21:28:40 - Translation task object created
2025-03-06 21:28:40 - Task added to session
2025-03-06 21:28:40 - Session committed
2025-03-06 21:28:40 - Task refreshed, ID: 35
2025-03-06 21:28:41 - Fetching task with ID: 35
2025-03-06 21:28:42 - Task found
2025-03-06 21:28:43 - Fetching task with ID: 35
2025-03-06 21:28:43 - Task found
2025-03-06 21:28:44 - Fetching task with ID: 35
2025-03-06 21:28:44 - Task found
2025-03-06 21:28:44 - Fetching task with ID: 35
2025-03-06 21:28:44 - Task found
2025-03-06 21:28:45 - Fetching task with ID: 35
2025-03-06 21:28:45 - Task found
2025-03-06 21:28:45 - Updating task 35 with status in_progress
2025-03-06 21:28:45 - Successfully updated task 35
2025-03-06 21:28:46 - Fetching task with ID: 35
2025-03-06 21:28:46 - Task found
2025-03-06 21:28:47 - Fetching task with ID: 35
2025-03-06 21:28:47 - Task found
2025-03-06 21:28:48 - Fetching task with ID: 35
2025-03-06 21:28:48 - Task found
2025-03-06 21:28:49 - Fetching task with ID: 35
2025-03-06 21:28:49 - Task found
2025-03-06 21:28:50 - Fetching task with ID: 35
2025-03-06 21:28:50 - Task found
2025-03-06 21:28:51 - Fetching task with ID: 35
2025-03-06 21:28:51 - Task found
2025-03-06 21:28:51 - Updating task 35 with status in_progress
2025-03-06 21:28:51 - Successfully updated task 35
2025-03-06 21:28:52 - Fetching task with ID: 35
2025-03-06 21:28:52 - Task found
2025-03-06 21:28:52 - Updating task 35 with status completed
2025-03-06 21:28:52 - Successfully updated task 35
2025-03-06 21:28:53 - Fetching task with ID: 35
2025-03-06 21:28:53 - Task found
2025-03-06 21:53:50 - Creating translation task for text: I changed the code a bit.
This is a test to see if...
2025-03-06 21:53:50 - Languages requested: ['fr', 'de']
2025-03-06 21:53:50 - Translation task object created
2025-03-06 21:53:50 - Task added to session
2025-03-06 21:53:51 - Session committed
2025-03-06 21:53:51 - Task refreshed, ID: 36
2025-03-06 21:53:52 - Fetching task with ID: 36
2025-03-06 21:53:52 - Task found
2025-03-06 21:53:53 - Fetching task with ID: 36
2025-03-06 21:53:53 - Task found
2025-03-06 21:53:54 - Fetching task with ID: 36
2025-03-06 21:53:54 - Task found
2025-03-06 21:53:55 - Fetching task with ID: 36
2025-03-06 21:53:55 - Task found
2025-03-06 21:53:55 - Updating task 36 with status in_progress
2025-03-06 21:53:55 - Successfully updated task 36
2025-03-06 21:53:56 - Fetching task with ID: 36
2025-03-06 21:53:56 - Task found
2025-03-06 21:53:57 - Fetching task with ID: 36
2025-03-06 21:53:57 - Task found
2025-03-06 21:53:58 - Fetching task with ID: 36
2025-03-06 21:53:58 - Task found
2025-03-06 21:53:59 - Updating task 36 with status in_progress
2025-03-06 21:53:59 - Successfully updated task 36
2025-03-06 21:53:59 - Fetching task with ID: 36
2025-03-06 21:53:59 - Task found
2025-03-06 21:54:00 - Updating task 36 with status completed
2025-03-06 21:54:00 - Successfully updated task 36
2025-03-06 21:54:00 - Fetching task with ID: 36
2025-03-06 21:54:00 - Task found
2025-03-06 21:56:30 - Creating translation task for text: Ok, here we go....
2025-03-06 21:56:30 - Languages requested: ['it', 'pt']
2025-03-06 21:56:30 - Translation task object created
2025-03-06 21:56:30 - Task added to session
2025-03-06 21:56:30 - Session committed
2025-03-06 21:56:30 - Task refreshed, ID: 37
2025-03-06 21:56:31 - Fetching task with ID: 37
2025-03-06 21:56:31 - Task found
2025-03-06 21:56:32 - Fetching task with ID: 37
2025-03-06 21:56:32 - Task found
2025-03-06 21:56:33 - Fetching task with ID: 37
2025-03-06 21:56:33 - Task found
2025-03-06 21:56:34 - Fetching task with ID: 37
2025-03-06 21:56:34 - Task found
2025-03-06 21:56:35 - Fetching task with ID: 37
2025-03-06 21:56:35 - Task found
2025-03-06 21:56:36 - Updating task 37 with status in_progress
2025-03-06 21:56:36 - Successfully updated task 37
2025-03-06 21:56:36 - Fetching task with ID: 37
2025-03-06 21:56:36 - Task found
2025-03-06 21:56:37 - Fetching task with ID: 37
2025-03-06 21:56:37 - Task found
2025-03-06 21:56:38 - Fetching task with ID: 37
2025-03-06 21:56:38 - Task found
2025-03-06 21:56:39 - Updating task 37 with status in_progress
2025-03-06 21:56:39 - Successfully updated task 37
2025-03-06 21:56:39 - Fetching task with ID: 37
2025-03-06 21:56:39 - Task found
2025-03-06 21:56:40 - Updating task 37 with status completed
2025-03-06 21:56:40 - Successfully updated task 37
2025-03-06 21:56:40 - Fetching task with ID: 37
2025-03-06 21:56:40 - Task found